<?xml version="1.0" encoding="UTF-8"?>
<!-- Generated by org.testng.reporters.JUnitReportReporter -->
<testsuite skipped="0" hostname="10503-2F-FB0V6T2" name="com.testscripts.SortScrollTest" tests="1" failures="0" timestamp="2019-12-25T15:49:30 IST" time="732.407" errors="0">
  <testcase name="sortTest" time="732.407" classname="com.testscripts.SortScrollTest"/>
</testsuite> <!-- com.testscripts.SortScrollTest -->
