<?xml version="1.0" encoding="UTF-8"?>
<!-- Generated by org.testng.reporters.JUnitReportReporter -->
<testsuite skipped="1" hostname="10503-2F-FLYVDV2" name="com.testscripts.Negativeregistar" tests="9" failures="0" timestamp="2019-10-22T16:08:12 IST" time="577.165" errors="0">
  <testcase name="Withoutcoummunity" time="79.180" classname="com.testscripts.Negativeregistar"/>
  <testcase name="withoutProfilecreatedby" time="76.240" classname="com.testscripts.Negativeregistar"/>
  <testcase name="Withoutname" time="76.101" classname="com.testscripts.Negativeregistar"/>
  <testcase name="Withoutmothertounge" time="81.671" classname="com.testscripts.Negativeregistar"/>
  <testcase name="Withoutmaritalstatus" time="26.426" classname="com.testscripts.Negativeregistar"/>
  <testcase name="Withoutmobilenum" time="78.567" classname="com.testscripts.Negativeregistar"/>
  <testcase name="Withoutgender" time="78.979" classname="com.testscripts.Negativeregistar"/>
  <testcase name="Withoutpassword" time="80.001" classname="com.testscripts.Negativeregistar"/>
  <testcase name="Withoutdob" classname="com.testscripts.Negativeregistar">
    <skipped/>
  </testcase> <!-- Withoutdob -->
</testsuite> <!-- com.testscripts.Negativeregistar -->
