<?xml version="1.0" encoding="UTF-8"?>
<!-- Generated by org.testng.reporters.JUnitReportReporter -->
<testsuite skipped="0" hostname="DESKTOP-E21Q8AT" name="com.unitTestModule.PrivacySettings" tests="3" failures="0" timestamp="22 May 2019 06:47:26 GMT" time="140.026" errors="0">
  <testcase name="unsubscribeCalling" time="37.247" classname="com.unitTestModule.PrivacySettings"/>
  <testcase name="privacyCondition" time="63.808" classname="com.unitTestModule.PrivacySettings"/>
  <testcase name="privacyTest" time="38.971" classname="com.unitTestModule.PrivacySettings"/>
</testsuite> <!-- com.unitTestModule.PrivacySettings -->
