<?xml version="1.0" encoding="UTF-8"?>
<!-- Generated by org.testng.reporters.JUnitReportReporter -->
<testsuite skipped="0" hostname="10503-2F-FB0V6T2" name="com.testscripts.ShortListViewProfile" tests="1" failures="0" timestamp="2019-12-25T15:08:22 IST" time="85.377" errors="0">
  <testcase name="shortList" time="85.377" classname="com.testscripts.ShortListViewProfile"/>
</testsuite> <!-- com.testscripts.ShortListViewProfile -->
