<?xml version="1.0" encoding="UTF-8"?>
<!-- Generated by org.testng.reporters.JUnitReportReporter -->
<testsuite skipped="4" hostname="10503-2F-FB0V6T2" name="com.testscripts.ShortListTest" tests="5" failures="0" timestamp="2019-12-24T16:34:06 IST" time="83.789" errors="0">
  <testcase name="shortlistMutual_matches" time="83.789" classname="com.testscripts.ShortListTest"/>
  <testcase name="shortlistLatestMatches" classname="com.testscripts.ShortListTest">
    <skipped/>
  </testcase> <!-- shortlistLatestMatches -->
  <testcase name="shortlistYTBW" classname="com.testscripts.ShortListTest">
    <skipped/>
  </testcase> <!-- shortlistYTBW -->
  <testcase name="shortlistMLFM" classname="com.testscripts.ShortListTest">
    <skipped/>
  </testcase> <!-- shortlistMLFM -->
  <testcase name="shortlistPremium_matches" classname="com.testscripts.ShortListTest">
    <skipped/>
  </testcase> <!-- shortlistPremium_matches -->
</testsuite> <!-- com.testscripts.ShortListTest -->
