<?xml version="1.0" encoding="UTF-8"?>
<!-- Generated by org.testng.reporters.JUnitReportReporter -->
<testsuite skipped="0" hostname="DESKTOP-E21Q8AT" name="com.unitTestModule.MatchesUnitTest" tests="6" failures="0" timestamp="18 May 2019 12:29:54 GMT" time="593.366" errors="0">
  <testcase name="adPage" time="15.012" classname="com.unitTestModule.MatchesUnitTest"/>
  <testcase name="viewProfileRequesstTest" time="133.072" classname="com.unitTestModule.MatchesUnitTest"/>
  <testcase name="viewProfileRequesstTest_mutual_matches" time="93.120" classname="com.unitTestModule.MatchesUnitTest"/>
  <testcase name="viewProfileRequesstTest_Premium_matches" time="125.963" classname="com.unitTestModule.MatchesUnitTest"/>
  <testcase name="viewProfileRequesstTestMWML" time="153.055" classname="com.unitTestModule.MatchesUnitTest"/>
  <testcase name="viewProfileRequesstTestYTW" time="73.144" classname="com.unitTestModule.MatchesUnitTest"/>
</testsuite> <!-- com.unitTestModule.MatchesUnitTest -->
