<?xml version="1.0" encoding="UTF-8"?>
<!-- Generated by org.testng.reporters.JUnitReportReporter -->
<testsuite skipped="0" hostname="10503-2F-FB0V6T2" name="com.testscripts.ViewProfileRequestTest" tests="1" failures="0" timestamp="2019-12-25T18:20:54 IST" time="38.176" errors="0">
  <testcase name="viewProfileRequesstTest" time="38.176" classname="com.testscripts.ViewProfileRequestTest"/>
</testsuite> <!-- com.testscripts.ViewProfileRequestTest -->
