<?xml version="1.0" encoding="UTF-8"?>
<!-- Generated by org.testng.reporters.JUnitReportReporter -->
<testsuite skipped="0" hostname="10503-2F-FB0V6T2" name="com.testscripts.AddHoroscopeTest" tests="1" failures="0" timestamp="2019-12-21T11:40:57 IST" time="41.188" errors="0">
  <testcase name="testCase" time="41.188" classname="com.testscripts.AddHoroscopeTest"/>
</testsuite> <!-- com.testscripts.AddHoroscopeTest -->
