<?xml version="1.0" encoding="UTF-8"?>
<!-- Generated by org.testng.reporters.JUnitReportReporter -->
<testsuite skipped="0" hostname="10503-2F-FB0V6T2" name="com.testscripts.IntrestPendingBannerTest" tests="1" failures="0" timestamp="2019-12-21T15:00:53 IST" time="72.029" errors="0">
  <testcase name="intrestPending" time="72.029" classname="com.testscripts.IntrestPendingBannerTest"/>
</testsuite> <!-- com.testscripts.IntrestPendingBannerTest -->
