<?xml version="1.0" encoding="UTF-8"?>
<!-- Generated by org.testng.reporters.JUnitReportReporter -->
<testsuite skipped="0" hostname="10503-2F-FB0V6T2" name="com.testscripts.IntrestReceivedTest" tests="1" failures="0" timestamp="2019-12-21T16:41:08 IST" time="43.632" errors="0">
  <testcase name="intrestReceived" time="43.632" classname="com.testscripts.IntrestReceivedTest"/>
</testsuite> <!-- com.testscripts.IntrestReceivedTest -->
