<?xml version="1.0" encoding="UTF-8"?>
<!-- Generated by org.testng.reporters.JUnitReportReporter -->
<testsuite skipped="0" hostname="10503-2F-FB0V6T2" name="com.testscripts.InboxTest2" tests="1" failures="0" timestamp="2019-12-21T14:53:53 IST" time="40.471" errors="0">
  <testcase name="testCase" time="40.471" classname="com.testscripts.InboxTest2"/>
</testsuite> <!-- com.testscripts.InboxTest2 -->
