<?xml version="1.0" encoding="UTF-8"?>
<!-- Generated by org.testng.reporters.JUnitReportReporter -->
<testsuite skipped="0" hostname="10503-2F-FB0V6T2" name="com.testscripts.Negativelogin" tests="9" failures="0" timestamp="2019-12-25T14:52:56 IST" time="196.590" errors="0">
  <testcase name="testCase6" time="25.493" classname="com.testscripts.Negativelogin"/>
  <testcase name="testCase3" time="20.038" classname="com.testscripts.Negativelogin"/>
  <testcase name="testCase8" time="21.643" classname="com.testscripts.Negativelogin"/>
  <testcase name="testCase2" time="20.241" classname="com.testscripts.Negativelogin"/>
  <testcase name="testCase9" time="19.688" classname="com.testscripts.Negativelogin"/>
  <testcase name="testCase4" time="21.645" classname="com.testscripts.Negativelogin"/>
  <testcase name="testCase7" time="20.068" classname="com.testscripts.Negativelogin"/>
  <testcase name="testCase1" time="26.607" classname="com.testscripts.Negativelogin"/>
  <testcase name="testCase5" time="21.167" classname="com.testscripts.Negativelogin"/>
</testsuite> <!-- com.testscripts.Negativelogin -->
