<?xml version="1.0" encoding="UTF-8"?>
<!-- Generated by org.testng.reporters.JUnitReportReporter -->
<testsuite skipped="3" hostname="10503-2F-FB0V6T2" name="com.testscripts.WhoViewedMyProfileTest" tests="4" failures="0" timestamp="2020-01-08T18:40:52 IST" time="153.695" errors="0">
  <testcase name="WhoViewMyProfileShortlist4" time="153.695" classname="com.testscripts.WhoViewedMyProfileTest"/>
  <testcase name="whoViewedMeScrollTest2" classname="com.testscripts.WhoViewedMyProfileTest">
    <skipped/>
  </testcase> <!-- whoViewedMeScrollTest2 -->
  <testcase name="viewProfileRequest3" classname="com.testscripts.WhoViewedMyProfileTest">
    <skipped/>
  </testcase> <!-- viewProfileRequest3 -->
  <testcase name="bannerContTest1" classname="com.testscripts.WhoViewedMyProfileTest">
    <skipped/>
  </testcase> <!-- bannerContTest1 -->
</testsuite> <!-- com.testscripts.WhoViewedMyProfileTest -->
