<?xml version="1.0" encoding="UTF-8"?>
<!-- Generated by org.testng.reporters.JUnitReportReporter -->
<testsuite skipped="0" hostname="10503-2F-FB0V6T2" name="com.testscripts.InboxCount" tests="3" failures="0" timestamp="2019-12-25T14:31:40 IST" time="80.142" errors="0">
  <testcase name="replyCount" time="36.177" classname="com.testscripts.InboxCount"/>
  <testcase name="declineCount" time="21.356" classname="com.testscripts.InboxCount"/>
  <testcase name="homePageCount" time="22.609" classname="com.testscripts.InboxCount"/>
</testsuite> <!-- com.testscripts.InboxCount -->
