<?xml version="1.0" encoding="UTF-8"?>
<!-- Generated by org.testng.reporters.JUnitReportReporter -->
<testsuite skipped="0" hostname="10503-2F-FB0V6T2" name="com.testscripts.MyHomeMatchesCountTest" tests="1" failures="0" timestamp="2019-12-21T16:46:43 IST" time="50.227" errors="0">
  <testcase name="LatestmatchesCount" time="50.227" classname="com.testscripts.MyHomeMatchesCountTest"/>
</testsuite> <!-- com.testscripts.MyHomeMatchesCountTest -->
