<?xml version="1.0" encoding="UTF-8"?>
<!-- Generated by org.testng.reporters.JUnitReportReporter -->
<testsuite skipped="0" hostname="10503-2F-FB0V6T2" name="com.testscripts.ShortlistedMeScroll" tests="1" failures="0" timestamp="2019-12-24T12:01:20 IST" time="48.743" errors="0">
  <testcase name="whoShortlistedMeScrollTest" time="48.743" classname="com.testscripts.ShortlistedMeScroll"/>
</testsuite> <!-- com.testscripts.ShortlistedMeScroll -->
