<?xml version="1.0" encoding="UTF-8"?>
<!-- Generated by org.testng.reporters.JUnitReportReporter -->
<testsuite skipped="0" hostname="10503-2F-FB0V6T2" name="com.testscripts.Block" tests="1" failures="0" timestamp="2020-01-02T13:16:54 IST" time="145.727" errors="0">
  <testcase name="shortList" time="145.727" classname="com.testscripts.Block"/>
</testsuite> <!-- com.testscripts.Block -->
