<?xml version="1.0" encoding="UTF-8"?>
<!-- Generated by org.testng.reporters.JUnitReportReporter -->
<testsuite hostname="10503-L-79408" failures="0" tests="1" name="paki.APP.Registration1" time="466.909" errors="0" timestamp="27 Jan 2021 07:23:55 GMT">
  <testcase classname="paki.APP.Registration1" name="testUntitled" time="466.909"/>
</testsuite> <!-- paki.APP.Registration1 -->
